#
# There is insufficient memory for the Java Runtime Environment to continue.
# Native memory allocation (malloc) failed to allocate 1115536 bytes for Chunk::new
# Possible reasons:
#   The system is out of physical RAM or swap space
#   In 32 bit mode, the process size limit was hit
# Possible solutions:
#   Reduce memory load on the system
#   Increase physical memory or swap space
#   Check if swap backing store is full
#   Use 64 bit Java on a 64 bit OS
#   Decrease Java heap size (-Xmx/-Xms)
#   Decrease number of Java threads
#   Decrease Java thread stack sizes (-Xss)
#   Set larger code cache with -XX:ReservedCodeCacheSize=
# This output file may be truncated or incomplete.
#
#  Out of Memory Error (allocation.cpp:390), pid=34700, tid=0x000000000000fe78
#
# JRE version: OpenJDK Runtime Environment (8.0_152-b01) (build 1.8.0_152-release-1248-b01)
# Java VM: OpenJDK 64-Bit Server VM (25.152-b01 mixed mode windows-amd64 compressed oops)
# Failed to write core dump. Minidumps are not enabled by default on client versions of Windows
#

---------------  T H R E A D  ---------------

Current thread (0x000000001633e800):  JavaThread "C2 CompilerThread1" daemon [_thread_in_native, id=65144, stack(0x0000000017d30000,0x0000000017e30000)]

Stack: [0x0000000017d30000,0x0000000017e30000]
[error occurred during error reporting (printing stack bounds), id 0xc0000005]

Native frames: (J=compiled Java code, j=interpreted, Vv=VM code, C=native code)


Current CompileTask:
C2:  71247 17416       4       com.android.tools.r8.ir.optimize.CodeRewriter::shortenLiveRangesInsideBlock (389 bytes)


---------------  P R O C E S S  ---------------

Java Threads: ( => current thread )
  0x000000001af35800 JavaThread "ForkJoinPool.commonPool-worker-0" daemon [_thread_in_Java, id=37856, stack(0x0000000025b60000,0x0000000025c60000)]
  0x000000001af3a000 JavaThread "RMI TCP Connection(5)-127.0.0.1" daemon [_thread_in_native, id=37076, stack(0x0000000025a60000,0x0000000025b60000)]
  0x000000001af37000 JavaThread "ForkJoinPool.commonPool-worker-3" daemon [_thread_in_Java, id=14432, stack(0x0000000025860000,0x0000000025960000)]
  0x000000001af3b800 JavaThread "ForkJoinPool.commonPool-worker-2" daemon [_thread_in_Java, id=68152, stack(0x0000000025760000,0x0000000025860000)]
  0x000000001b8ef000 JavaThread "Cache worker for Java compile cache (E:\KotlinMall\.gradle\5.2\javaCompile)" [_thread_blocked, id=55352, stack(0x0000000024f60000,0x0000000025060000)]
  0x000000001b8ec000 JavaThread "Cache worker for Java compile cache (C:\Users\q9163\.gradle\caches\5.2\javaCompile)" [_thread_blocked, id=59520, stack(0x0000000024e60000,0x0000000024f60000)]
  0x000000001b8f0800 JavaThread "RMI TCP Connection(4)-127.0.0.1" daemon [_thread_in_native, id=59000, stack(0x0000000024d60000,0x0000000024e60000)]
  0x000000001b8ed000 JavaThread "RMI TCP Connection(2)-127.0.0.1" daemon [_thread_in_native, id=44064, stack(0x0000000024b60000,0x0000000024c60000)]
  0x000000001b8ee800 JavaThread "RMI TCP Connection(idle)" daemon [_thread_blocked, id=63816, stack(0x0000000024960000,0x0000000024a60000)]
  0x000000001b8ea000 JavaThread "RMI Reaper" [_thread_blocked, id=29660, stack(0x0000000024860000,0x0000000024960000)]
  0x000000001c91a000 JavaThread "RMI TCP Accept-0" daemon [_thread_in_native, id=47384, stack(0x0000000024760000,0x0000000024860000)]
  0x00000000196c0800 JavaThread "GC Daemon" daemon [_thread_blocked, id=51640, stack(0x0000000024660000,0x0000000024760000)]
  0x000000001bb0e800 JavaThread "RMI Scheduler(0)" daemon [_thread_blocked, id=40340, stack(0x0000000024460000,0x0000000024560000)]
  0x000000001bb0a800 JavaThread "stdout" [_thread_in_native, id=56788, stack(0x0000000023c60000,0x0000000023d60000)]
  0x000000001bb0d000 JavaThread "stderr" [_thread_in_native, id=30644, stack(0x0000000023b60000,0x0000000023c60000)]
  0x000000001bb0c000 JavaThread "pool-9-thread-1" [_thread_blocked, id=57536, stack(0x0000000023a60000,0x0000000023b60000)]
  0x000000001bb09000 JavaThread "Cache worker for execution history cache (E:\KotlinMall\.gradle\5.2\executionHistory)" [_thread_blocked, id=37852, stack(0x0000000023760000,0x0000000023860000)]
  0x000000001bb08800 JavaThread "Execution worker for ':' Thread 3" [_thread_blocked, id=34716, stack(0x0000000023660000,0x0000000023760000)]
  0x000000001bb07800 JavaThread "Execution worker for ':' Thread 2" [_thread_blocked, id=64464, stack(0x0000000023560000,0x0000000023660000)]
  0x000000001bb01800 JavaThread "Execution worker for ':'" [_thread_blocked, id=4972, stack(0x0000000023460000,0x0000000023560000)]
  0x000000001bb01000 JavaThread "Cache worker for file content cache (E:\KotlinMall\.gradle\5.2\fileContent)" [_thread_blocked, id=43588, stack(0x0000000023160000,0x0000000023260000)]
  0x000000001bb05800 JavaThread "Cache worker for file content cache (C:\Users\q9163\.gradle\caches\5.2\fileContent)" [_thread_blocked, id=38140, stack(0x0000000023060000,0x0000000023160000)]
  0x000000001bb04000 JavaThread "Memory manager" [_thread_blocked, id=43664, stack(0x0000000022960000,0x0000000022a60000)]
  0x000000001c916000 JavaThread "Cache worker for Build Output Cleanup Cache (E:\KotlinMall\.gradle\buildOutputCleanup)" [_thread_blocked, id=69896, stack(0x0000000021c60000,0x0000000021d60000)]
  0x000000001c91d000 JavaThread "pool-1-thread-1" [_thread_blocked, id=34300, stack(0x0000000021760000,0x0000000021860000)]
  0x000000001c91a800 JavaThread "Build operations Thread 4" [_thread_blocked, id=49080, stack(0x0000000021460000,0x0000000021560000)]
  0x000000001c91b800 JavaThread "Build operations Thread 3" [_thread_blocked, id=17320, stack(0x00000000210e0000,0x00000000211e0000)]
  0x000000001c917800 JavaThread "Build operations Thread 2" [_thread_blocked, id=33616, stack(0x0000000020fe0000,0x00000000210e0000)]
  0x000000001c919000 JavaThread "Build operations" [_thread_blocked, id=39612, stack(0x0000000020ee0000,0x0000000020fe0000)]
  0x00000000196bd000 JavaThread "Cache worker for execution history cache (C:\Users\q9163\.gradle\caches\5.2\executionHistory)" [_thread_blocked, id=56364, stack(0x000000001f950000,0x000000001fa50000)]
  0x00000000196bc000 JavaThread "Cache worker for cache directory md-rule (C:\Users\q9163\.gradle\caches\5.2\md-rule)" [_thread_blocked, id=54836, stack(0x000000001f850000,0x000000001f950000)]
  0x00000000196bb800 JavaThread "Cache worker for cache directory md-supplier (C:\Users\q9163\.gradle\caches\5.2\md-supplier)" [_thread_blocked, id=39264, stack(0x000000001f750000,0x000000001f850000)]
  0x00000000196ba000 JavaThread "Cache worker for file hash cache (E:\KotlinMall\.gradle\5.2\fileHashes)" [_thread_blocked, id=36188, stack(0x000000001ce50000,0x000000001cf50000)]
  0x00000000196be800 JavaThread "Cache worker for journal cache (C:\Users\q9163\.gradle\caches\journal-1)" [_thread_blocked, id=25228, stack(0x000000001a8b0000,0x000000001a9b0000)]
  0x000000001961d000 JavaThread "File lock request listener" [_thread_in_native, id=54288, stack(0x000000001a7b0000,0x000000001a8b0000)]
  0x00000000196c2000 JavaThread "Cache worker for file hash cache (C:\Users\q9163\.gradle\caches\5.2\fileHashes)" [_thread_blocked, id=55040, stack(0x000000001a6b0000,0x000000001a7b0000)]
  0x00000000193e6000 JavaThread "Thread-8" [_thread_blocked, id=31488, stack(0x000000001a5b0000,0x000000001a6b0000)]
  0x00000000193d1800 JavaThread "Asynchronous log dispatcher for DefaultDaemonConnection: socket connection from /127.0.0.1:63574 to /127.0.0.1:63575" [_thread_blocked, id=37964, stack(0x000000001a3b0000,0x000000001a4b0000)]
  0x00000000188ea000 JavaThread "Daemon worker" [_thread_blocked, id=42584, stack(0x000000001a2b0000,0x000000001a3b0000)]
  0x00000000181b7800 JavaThread "Cancel handler" [_thread_blocked, id=41336, stack(0x000000001a1b0000,0x000000001a2b0000)]
  0x00000000193b5000 JavaThread "Handler for socket connection from /127.0.0.1:63574 to /127.0.0.1:63575" [_thread_in_native, id=45356, stack(0x0000000019eb0000,0x0000000019fb0000)]
  0x00000000193b3800 JavaThread "Daemon" [_thread_blocked, id=57928, stack(0x0000000019db0000,0x0000000019eb0000)]
  0x00000000193b0800 JavaThread "Daemon periodic checks" [_thread_blocked, id=43452, stack(0x0000000019cb0000,0x0000000019db0000)]
  0x0000000019355800 JavaThread "Incoming local TCP Connector on port 63574" [_thread_in_native, id=46240, stack(0x0000000019b00000,0x0000000019c00000)]
  0x0000000017665800 JavaThread "Service Thread" daemon [_thread_blocked, id=62636, stack(0x0000000017f30000,0x0000000018030000)]
  0x0000000017643800 JavaThread "C1 CompilerThread2" daemon [_thread_blocked, id=68940, stack(0x0000000017e30000,0x0000000017f30000)]
=>0x000000001633e800 JavaThread "C2 CompilerThread1" daemon [_thread_in_native, id=65144, stack(0x0000000017d30000,0x0000000017e30000)]
  0x0000000016339800 JavaThread "C2 CompilerThread0" daemon [_thread_in_native, id=24436, stack(0x0000000017c30000,0x0000000017d30000)]
  0x00000000162d7800 JavaThread "Attach Listener" daemon [_thread_blocked, id=41104, stack(0x0000000017b30000,0x0000000017c30000)]
  0x00000000162f4000 JavaThread "Signal Dispatcher" daemon [_thread_blocked, id=49120, stack(0x0000000017a30000,0x0000000017b30000)]
  0x00000000162c9800 JavaThread "Finalizer" daemon [_thread_blocked, id=56676, stack(0x0000000017530000,0x0000000017630000)]
  0x0000000002961800 JavaThread "Reference Handler" daemon [_thread_blocked, id=33056, stack(0x0000000017430000,0x0000000017530000)]
  0x000000000276e800 JavaThread "main" [_thread_blocked, id=54364, stack(0x0000000002770000,0x0000000002870000)]

Other Threads:
  0x00000000162a6000 VMThread [stack: 0x0000000017330000,0x0000000017430000] [id=44264]
  0x0000000017666800 WatcherThread [stack: 0x0000000018030000,0x0000000018130000] [id=40888]

VM state:not at safepoint (normal execution)

VM Mutex/Monitor currently owned by a thread: None

Heap:
 PSYoungGen      total 330240K, used 198606K [0x00000000e0000000, 0x00000000f6900000, 0x0000000100000000)
  eden space 296960K, 61% used [0x00000000e0000000,0x00000000eb367608,0x00000000f2200000)
  from space 33280K, 44% used [0x00000000f4380000,0x00000000f520c2f8,0x00000000f6400000)
  to   space 34304K, 0% used [0x00000000f2200000,0x00000000f2200000,0x00000000f4380000)
 ParOldGen       total 146944K, used 74091K [0x00000000a0000000, 0x00000000a8f80000, 0x00000000e0000000)
  object space 146944K, 50% used [0x00000000a0000000,0x00000000a485aee0,0x00000000a8f80000)
 Metaspace       used 88430K, capacity 92339K, committed 92504K, reserved 1130496K
  class space    used 11383K, capacity 12141K, committed 12160K, reserved 1048576K

Card table byte_map: [0x0000000011d30000,0x0000000012040000] byte_map_base: 0x0000000011830000

Marking Bits: (ParMarkBitMap*) 0x0000000076eb5aa0
 Begin Bits: [0x0000000012640000, 0x0000000013e40000)
 End Bits:   [0x0000000013e40000, 0x0000000015640000)

Polling page: 0x0000000000570000

CodeCache: size=245760Kb used=46197Kb max_used=46212Kb free=199562Kb
 bounds [0x0000000002970000, 0x00000000056d0000, 0x0000000011970000]
 total_blobs=15625 nmethods=14736 adapters=799
 compilation: enabled

Compilation events (10 events):
Event: 71.132 Thread 0x0000000016339800 17429       4       java.util.ArrayDeque::clear (56 bytes)
Event: 71.134 Thread 0x0000000017643800 nmethod 17438 0x000000000568f0d0 code [0x000000000568f360, 0x000000000568fec8]
Event: 71.134 Thread 0x0000000016339800 nmethod 17429 0x00000000052da010 code [0x00000000052da160, 0x00000000052da258]
Event: 71.134 Thread 0x0000000016339800 17243       4       java.util.Iterator::forEachRemaining (30 bytes)
Event: 71.135 Thread 0x0000000016339800 nmethod 17243 0x0000000004fe2210 code [0x0000000004fe2360, 0x0000000004fe2458]
Event: 71.135 Thread 0x0000000016339800 17319       4       java.util.Collection::removeIf (51 bytes)
Event: 71.198 Thread 0x0000000017643800 17442       2       com.android.tools.r8.ir.code.If$Type::inverted (82 bytes)
Event: 71.198 Thread 0x0000000017643800 nmethod 17442 0x0000000004edb410 code [0x0000000004edb5a0, 0x0000000004edb888]
Event: 71.199 Thread 0x0000000017643800 17443       2       com.android.tools.r8.ir.code.BasicBlock::swapSuccessors (73 bytes)
Event: 71.199 Thread 0x0000000017643800 nmethod 17443 0x0000000004edafd0 code [0x0000000004edb140, 0x0000000004edb328]

GC Heap History (10 events):
Event: 62.743 GC heap before
{Heap before GC invocations=19 (full 3):
 PSYoungGen      total 261632K, used 254561K [0x00000000e0000000, 0x00000000f4280000, 0x0000000100000000)
  eden space 230400K, 100% used [0x00000000e0000000,0x00000000ee100000,0x00000000ee100000)
  from space 31232K, 77% used [0x00000000ee100000,0x00000000ef8987f8,0x00000000eff80000)
  to   space 32768K, 0% used [0x00000000f2280000,0x00000000f2280000,0x00000000f4280000)
 ParOldGen       total 146944K, used 74059K [0x00000000a0000000, 0x00000000a8f80000, 0x00000000e0000000)
  object space 146944K, 50% used [0x00000000a0000000,0x00000000a4852ee0,0x00000000a8f80000)
 Metaspace       used 88143K, capacity 92065K, committed 92248K, reserved 1130496K
  class space    used 11370K, capacity 12104K, committed 12160K, reserved 1048576K
Event: 62.777 GC heap after
Heap after GC invocations=19 (full 3):
 PSYoungGen      total 297984K, used 18402K [0x00000000e0000000, 0x00000000f4680000, 0x0000000100000000)
  eden space 265216K, 0% used [0x00000000e0000000,0x00000000e0000000,0x00000000f0300000)
  from space 32768K, 56% used [0x00000000f2280000,0x00000000f3478a30,0x00000000f4280000)
  to   space 32256K, 0% used [0x00000000f0300000,0x00000000f0300000,0x00000000f2280000)
 ParOldGen       total 146944K, used 74067K [0x00000000a0000000, 0x00000000a8f80000, 0x00000000e0000000)
  object space 146944K, 50% used [0x00000000a0000000,0x00000000a4854ee0,0x00000000a8f80000)
 Metaspace       used 88143K, capacity 92065K, committed 92248K, reserved 1130496K
  class space    used 11370K, capacity 12104K, committed 12160K, reserved 1048576K
}
Event: 64.991 GC heap before
{Heap before GC invocations=20 (full 3):
 PSYoungGen      total 297984K, used 283618K [0x00000000e0000000, 0x00000000f4680000, 0x0000000100000000)
  eden space 265216K, 100% used [0x00000000e0000000,0x00000000f0300000,0x00000000f0300000)
  from space 32768K, 56% used [0x00000000f2280000,0x00000000f3478a30,0x00000000f4280000)
  to   space 32256K, 0% used [0x00000000f0300000,0x00000000f0300000,0x00000000f2280000)
 ParOldGen       total 146944K, used 74067K [0x00000000a0000000, 0x00000000a8f80000, 0x00000000e0000000)
  object space 146944K, 50% used [0x00000000a0000000,0x00000000a4854ee0,0x00000000a8f80000)
 Metaspace       used 88266K, capacity 92155K, committed 92248K, reserved 1130496K
  class space    used 11377K, capacity 12107K, committed 12160K, reserved 1048576K
Event: 65.030 GC heap after
Heap after GC invocations=20 (full 3):
 PSYoungGen      total 297472K, used 22769K [0x00000000e0000000, 0x00000000f6400000, 0x0000000100000000)
  eden space 265216K, 0% used [0x00000000e0000000,0x00000000e0000000,0x00000000f0300000)
  from space 32256K, 70% used [0x00000000f0300000,0x00000000f193c7d0,0x00000000f2280000)
  to   space 33280K, 0% used [0x00000000f4380000,0x00000000f4380000,0x00000000f6400000)
 ParOldGen       total 146944K, used 74075K [0x00000000a0000000, 0x00000000a8f80000, 0x00000000e0000000)
  object space 146944K, 50% used [0x00000000a0000000,0x00000000a4856ee0,0x00000000a8f80000)
 Metaspace       used 88266K, capacity 92155K, committed 92248K, reserved 1130496K
  class space    used 11377K, capacity 12107K, committed 12160K, reserved 1048576K
}
Event: 66.857 GC heap before
{Heap before GC invocations=21 (full 3):
 PSYoungGen      total 297472K, used 287985K [0x00000000e0000000, 0x00000000f6400000, 0x0000000100000000)
  eden space 265216K, 100% used [0x00000000e0000000,0x00000000f0300000,0x00000000f0300000)
  from space 32256K, 70% used [0x00000000f0300000,0x00000000f193c7d0,0x00000000f2280000)
  to   space 33280K, 0% used [0x00000000f4380000,0x00000000f4380000,0x00000000f6400000)
 ParOldGen       total 146944K, used 74075K [0x00000000a0000000, 0x00000000a8f80000, 0x00000000e0000000)
  object space 146944K, 50% used [0x00000000a0000000,0x00000000a4856ee0,0x00000000a8f80000)
 Metaspace       used 88320K, capacity 92255K, committed 92504K, reserved 1130496K
  class space    used 11381K, capacity 12139K, committed 12160K, reserved 1048576K
Event: 66.896 GC heap after
Heap after GC invocations=21 (full 3):
 PSYoungGen      total 330240K, used 23705K [0x00000000e0000000, 0x00000000f6900000, 0x0000000100000000)
  eden space 296960K, 0% used [0x00000000e0000000,0x00000000e0000000,0x00000000f2200000)
  from space 33280K, 71% used [0x00000000f4380000,0x00000000f5aa6628,0x00000000f6400000)
  to   space 34304K, 0% used [0x00000000f2200000,0x00000000f2200000,0x00000000f4380000)
 ParOldGen       total 146944K, used 74083K [0x00000000a0000000, 0x00000000a8f80000, 0x00000000e0000000)
  object space 146944K, 50% used [0x00000000a0000000,0x00000000a4858ee0,0x00000000a8f80000)
 Metaspace       used 88320K, capacity 92255K, committed 92504K, reserved 1130496K
  class space    used 11381K, capacity 12139K, committed 12160K, reserved 1048576K
}
Event: 68.680 GC heap before
{Heap before GC invocations=22 (full 3):
 PSYoungGen      total 330240K, used 320665K [0x00000000e0000000, 0x00000000f6900000, 0x0000000100000000)
  eden space 296960K, 100% used [0x00000000e0000000,0x00000000f2200000,0x00000000f2200000)
  from space 33280K, 71% used [0x00000000f4380000,0x00000000f5aa6628,0x00000000f6400000)
  to   space 34304K, 0% used [0x00000000f2200000,0x00000000f2200000,0x00000000f4380000)
 ParOldGen       total 146944K, used 74083K [0x00000000a0000000, 0x00000000a8f80000, 0x00000000e0000000)
  object space 146944K, 50% used [0x00000000a0000000,0x00000000a4858ee0,0x00000000a8f80000)
 Metaspace       used 88365K, capacity 92263K, committed 92504K, reserved 1130496K
  class space    used 11382K, capacity 12139K, committed 12160K, reserved 1048576K
Event: 68.728 GC heap after
Heap after GC invocations=22 (full 3):
 PSYoungGen      total 331264K, used 18851K [0x00000000e0000000, 0x00000000f6900000, 0x0000000100000000)
  eden space 296960K, 0% used [0x00000000e0000000,0x00000000e0000000,0x00000000f2200000)
  from space 34304K, 54% used [0x00000000f2200000,0x00000000f3468e88,0x00000000f4380000)
  to   space 33280K, 0% used [0x00000000f4380000,0x00000000f4380000,0x00000000f6400000)
 ParOldGen       total 146944K, used 74091K [0x00000000a0000000, 0x00000000a8f80000, 0x00000000e0000000)
  object space 146944K, 50% used [0x00000000a0000000,0x00000000a485aee0,0x00000000a8f80000)
 Metaspace       used 88365K, capacity 92263K, committed 92504K, reserved 1130496K
  class space    used 11382K, capacity 12139K, committed 12160K, reserved 1048576K
}
Event: 70.284 GC heap before
{Heap before GC invocations=23 (full 3):
 PSYoungGen      total 331264K, used 315811K [0x00000000e0000000, 0x00000000f6900000, 0x0000000100000000)
  eden space 296960K, 100% used [0x00000000e0000000,0x00000000f2200000,0x00000000f2200000)
  from space 34304K, 54% used [0x00000000f2200000,0x00000000f3468e88,0x00000000f4380000)
  to   space 33280K, 0% used [0x00000000f4380000,0x00000000f4380000,0x00000000f6400000)
 ParOldGen       total 146944K, used 74091K [0x00000000a0000000, 0x00000000a8f80000, 0x00000000e0000000)
  object space 146944K, 50% used [0x00000000a0000000,0x00000000a485aee0,0x00000000a8f80000)
 Metaspace       used 88423K, capacity 92331K, committed 92504K, reserved 1130496K
  class space    used 11382K, capacity 12139K, committed 12160K, reserved 1048576K
Event: 70.329 GC heap after
Heap after GC invocations=23 (full 3):
 PSYoungGen      total 330240K, used 14896K [0x00000000e0000000, 0x00000000f6900000, 0x0000000100000000)
  eden space 296960K, 0% used [0x00000000e0000000,0x00000000e0000000,0x00000000f2200000)
  from space 33280K, 44% used [0x00000000f4380000,0x00000000f520c2f8,0x00000000f6400000)
  to   space 34304K, 0% used [0x00000000f2200000,0x00000000f2200000,0x00000000f4380000)
 ParOldGen       total 146944K, used 74091K [0x00000000a0000000, 0x00000000a8f80000, 0x00000000e0000000)
  object space 146944K, 50% used [0x00000000a0000000,0x00000000a485aee0,0x00000000a8f80000)
 Metaspace       used 88423K, capacity 92331K, committed 92504K, reserved 1130496K
  class space    used 11382K, capacity 12139K, committed 12160K, reserved 1048576K
}

Deoptimization events (10 events):
Event: 70.063 Thread 0x000000001af35800 Uncommon trap: reason=class_check action=maybe_recompile pc=0x00000000055dbdf0 method=com.android.tools.r8.ir.optimize.PeepholeOptimizer.removeRedundantInstructions(Lcom/android/tools/r8/ir/code/IRCode;Lcom/android/tools/r8/ir/regalloc/LinearScanRegisterA
Event: 70.283 Thread 0x000000001af35800 Uncommon trap: reason=bimorphic action=maybe_recompile pc=0x000000000560f6a0 method=com.android.tools.r8.ir.optimize.CodeRewriter.shortenLiveRangesInsideBlock(Lcom/android/tools/r8/ir/code/BasicBlock;Lcom/android/tools/r8/com/google/common/base/Supplier;L
Event: 70.330 Thread 0x000000001af35800 Uncommon trap: reason=class_check action=maybe_recompile pc=0x00000000055dbdf0 method=com.android.tools.r8.ir.optimize.PeepholeOptimizer.removeRedundantInstructions(Lcom/android/tools/r8/ir/code/IRCode;Lcom/android/tools/r8/ir/regalloc/LinearScanRegisterA
Event: 70.330 Thread 0x000000001af35800 Uncommon trap: reason=class_check action=maybe_recompile pc=0x00000000055dbdf0 method=com.android.tools.r8.ir.optimize.PeepholeOptimizer.removeRedundantInstructions(Lcom/android/tools/r8/ir/code/IRCode;Lcom/android/tools/r8/ir/regalloc/LinearScanRegisterA
Event: 70.332 Thread 0x000000001af35800 Uncommon trap: reason=bimorphic action=maybe_recompile pc=0x000000000560f6a0 method=com.android.tools.r8.ir.optimize.CodeRewriter.shortenLiveRangesInsideBlock(Lcom/android/tools/r8/ir/code/BasicBlock;Lcom/android/tools/r8/com/google/common/base/Supplier;L
Event: 70.336 Thread 0x000000001af35800 Uncommon trap: reason=bimorphic action=maybe_recompile pc=0x000000000560f6a0 method=com.android.tools.r8.ir.optimize.CodeRewriter.shortenLiveRangesInsideBlock(Lcom/android/tools/r8/ir/code/BasicBlock;Lcom/android/tools/r8/com/google/common/base/Supplier;L
Event: 70.343 Thread 0x000000001af37000 Uncommon trap: reason=unstable_if action=reinterpret pc=0x00000000055b978c method=com.android.tools.r8.ir.code.Instruction.replaceDebugValue(Lcom/android/tools/r8/ir/code/Value;Lcom/android/tools/r8/ir/code/Value;)V @ 17
Event: 70.368 Thread 0x000000001af35800 Uncommon trap: reason=class_check action=maybe_recompile pc=0x0000000003fccae4 method=com.android.tools.r8.ir.optimize.PeepholeOptimizer.removeWideConstantCovering(Ljava/util/Map;I)V @ 12
Event: 70.368 Thread 0x000000001af35800 Uncommon trap: reason=class_check action=maybe_recompile pc=0x0000000003fccae4 method=com.android.tools.r8.ir.optimize.PeepholeOptimizer.removeWideConstantCovering(Ljava/util/Map;I)V @ 12
Event: 70.392 Thread 0x000000001af3b800 Uncommon trap: reason=unstable_if action=reinterpret pc=0x0000000003f080a4 method=com.android.tools.r8.ir.code.ValueType.isWide()Z @ 11

Classes redefined (0 events):
No events

Internal exceptions (10 events):
Event: 60.428 Thread 0x000000001bb07800 Exception <a 'sun/nio/fs/WindowsException'> (0x00000000e9f998b8) thrown at [D:\src\AOSP-openjdk-cygwin\jdk8u\hotspot\src\share\vm\prims\jni.cpp, line 709]
Event: 60.717 Thread 0x000000001bb07800 Exception <a 'sun/nio/fs/WindowsException'> (0x00000000e9fc5ce0) thrown at [D:\src\AOSP-openjdk-cygwin\jdk8u\hotspot\src\share\vm\prims\jni.cpp, line 709]
Event: 60.752 Thread 0x000000001bb07800 Exception <a 'sun/nio/fs/WindowsException'> (0x00000000e9ff3ca0) thrown at [D:\src\AOSP-openjdk-cygwin\jdk8u\hotspot\src\share\vm\prims\jni.cpp, line 709]
Event: 61.054 Thread 0x000000001bb07800 Exception <a 'sun/nio/fs/WindowsException'> (0x00000000e00a5f78) thrown at [D:\src\AOSP-openjdk-cygwin\jdk8u\hotspot\src\share\vm\prims\jni.cpp, line 709]
Event: 61.582 Thread 0x000000001af3b800 Implicit null exception at 0x0000000004a3ec9b to 0x0000000004a42c89
Event: 62.013 Thread 0x000000001bb07800 Exception <a 'sun/nio/fs/WindowsException'> (0x00000000e00d6358) thrown at [D:\src\AOSP-openjdk-cygwin\jdk8u\hotspot\src\share\vm\prims\jni.cpp, line 709]
Event: 62.024 Thread 0x000000001bb07800 Exception <a 'sun/nio/fs/WindowsException'> (0x00000000e5a54e08) thrown at [D:\src\AOSP-openjdk-cygwin\jdk8u\hotspot\src\share\vm\prims\jni.cpp, line 709]
Event: 62.034 Thread 0x000000001bb07800 Exception <a 'sun/nio/fs/WindowsException'> (0x00000000e5aacc70) thrown at [D:\src\AOSP-openjdk-cygwin\jdk8u\hotspot\src\share\vm\prims\jni.cpp, line 709]
Event: 62.082 Thread 0x000000001bb07800 Exception <a 'sun/nio/fs/WindowsException'> (0x00000000e5add820) thrown at [D:\src\AOSP-openjdk-cygwin\jdk8u\hotspot\src\share\vm\prims\jni.cpp, line 709]
Event: 70.343 Thread 0x000000001af37000 Implicit null exception at 0x00000000055b58c1 to 0x00000000055b9751

Events (10 events):
Event: 71.050 Thread 0x000000001af3b800 DEOPT PACKING pc=0x00000000051797db sp=0x000000002585d940
Event: 71.050 Thread 0x000000001af3b800 DEOPT UNPACKING pc=0x00000000029b75d0 sp=0x000000002585d7e0 mode 0
Event: 71.125 Thread 0x000000001af3b800 DEOPT PACKING pc=0x00000000051797db sp=0x000000002585d940
Event: 71.125 Thread 0x000000001af3b800 DEOPT UNPACKING pc=0x00000000029b75d0 sp=0x000000002585d7e0 mode 0
Event: 71.140 Thread 0x000000001af3b800 DEOPT PACKING pc=0x0000000005077e71 sp=0x000000002585d760
Event: 71.140 Thread 0x000000001af3b800 DEOPT UNPACKING pc=0x00000000029b75d0 sp=0x000000002585d550 mode 0
Event: 71.155 Thread 0x000000001af3b800 DEOPT PACKING pc=0x00000000051797db sp=0x000000002585d940
Event: 71.155 Thread 0x000000001af3b800 DEOPT UNPACKING pc=0x00000000029b75d0 sp=0x000000002585d7e0 mode 0
Event: 71.197 Thread 0x000000001af35800 DEOPT PACKING pc=0x00000000051797db sp=0x0000000025c5e250
Event: 71.197 Thread 0x000000001af35800 DEOPT UNPACKING pc=0x00000000029b75d0 sp=0x0000000025c5e0f0 mode 0


Dynamic libraries:
0x00007ff710ec0000 - 0x00007ff710ef1000 	E:\Program Files\Android\Android Studio\jre\bin\java.exe
0x00007fffc7460000 - 0x00007fffc7641000 	C:\WINDOWS\SYSTEM32\ntdll.dll
0x00007fffc4a90000 - 0x00007fffc4b42000 	C:\WINDOWS\System32\KERNEL32.DLL
0x00007fffc3830000 - 0x00007fffc3aa3000 	C:\WINDOWS\System32\KERNELBASE.dll
0x00007fffc70b0000 - 0x00007fffc7151000 	C:\WINDOWS\System32\ADVAPI32.dll
0x00007fffc6ce0000 - 0x00007fffc6d7e000 	C:\WINDOWS\System32\msvcrt.dll
0x00007fffc63e0000 - 0x00007fffc643b000 	C:\WINDOWS\System32\sechost.dll
0x00007fffc48f0000 - 0x00007fffc4a14000 	C:\WINDOWS\System32\RPCRT4.dll
0x00007fffc64e0000 - 0x00007fffc6670000 	C:\WINDOWS\System32\USER32.dll
0x00007fffc47d0000 - 0x00007fffc47f0000 	C:\WINDOWS\System32\win32u.dll
0x00007fffc6b10000 - 0x00007fffc6b38000 	C:\WINDOWS\System32\GDI32.dll
0x00007fffc43c0000 - 0x00007fffc4552000 	C:\WINDOWS\System32\gdi32full.dll
0x00007fffc4850000 - 0x00007fffc48ef000 	C:\WINDOWS\System32\msvcp_win.dll
0x00007fffc4210000 - 0x00007fffc430a000 	C:\WINDOWS\System32\ucrtbase.dll
0x00007fffbc5f0000 - 0x00007fffbc859000 	C:\WINDOWS\WinSxS\amd64_microsoft.windows.common-controls_6595b64144ccf1df_6.0.17134.112_none_fb3f961b30681c12\COMCTL32.dll
0x00007fffc6d80000 - 0x00007fffc70a3000 	C:\WINDOWS\System32\combase.dll
0x00007fffc4560000 - 0x00007fffc45da000 	C:\WINDOWS\System32\bcryptPrimitives.dll
0x00007fffc73e0000 - 0x00007fffc740d000 	C:\WINDOWS\System32\IMM32.DLL
0x0000000077f20000 - 0x0000000077ff2000 	E:\Program Files\Android\Android Studio\jre\jre\bin\msvcr100.dll
0x00000000766f0000 - 0x0000000076f31000 	E:\Program Files\Android\Android Studio\jre\jre\bin\server\jvm.dll
0x00007fffc73d0000 - 0x00007fffc73d8000 	C:\WINDOWS\System32\PSAPI.DLL
0x00007fffc16f0000 - 0x00007fffc1713000 	C:\WINDOWS\SYSTEM32\WINMM.dll
0x00007fffb1a00000 - 0x00007fffb1a09000 	C:\WINDOWS\SYSTEM32\WSOCK32.dll
0x00007fffc6840000 - 0x00007fffc68ac000 	C:\WINDOWS\System32\WS2_32.dll
0x00007fffc15d0000 - 0x00007fffc15fa000 	C:\WINDOWS\SYSTEM32\WINMMBASE.dll
0x00007fffc41c0000 - 0x00007fffc4209000 	C:\WINDOWS\System32\cfgmgr32.dll
0x00007fffb3a00000 - 0x00007fffb3a0a000 	C:\WINDOWS\SYSTEM32\VERSION.dll
0x00007fffbf5d0000 - 0x00007fffbf5df000 	E:\Program Files\Android\Android Studio\jre\jre\bin\verify.dll
0x00007fffbc280000 - 0x00007fffbc2a9000 	E:\Program Files\Android\Android Studio\jre\jre\bin\java.dll
0x00007fffbc1b0000 - 0x00007fffbc1c6000 	E:\Program Files\Android\Android Studio\jre\jre\bin\zip.dll
0x00007fffc4fa0000 - 0x00007fffc63e0000 	C:\WINDOWS\System32\SHELL32.dll
0x00007fffc6c30000 - 0x00007fffc6cd9000 	C:\WINDOWS\System32\shcore.dll
0x00007fffc3ab0000 - 0x00007fffc41bd000 	C:\WINDOWS\System32\windows.storage.dll
0x00007fffc4a30000 - 0x00007fffc4a81000 	C:\WINDOWS\System32\shlwapi.dll
0x00007fffc3810000 - 0x00007fffc3821000 	C:\WINDOWS\System32\kernel.appcore.dll
0x00007fffc37f0000 - 0x00007fffc380f000 	C:\WINDOWS\System32\profapi.dll
0x00007fffc3770000 - 0x00007fffc37bc000 	C:\WINDOWS\System32\powrprof.dll
0x00007fffc37c0000 - 0x00007fffc37ca000 	C:\WINDOWS\System32\FLTLIB.DLL
0x00007fffbaa40000 - 0x00007fffbaa5a000 	E:\Program Files\Android\Android Studio\jre\jre\bin\net.dll
0x00007fffc2c90000 - 0x00007fffc2cf6000 	C:\WINDOWS\system32\mswsock.dll
0x00007fffbaa20000 - 0x00007fffbaa31000 	E:\Program Files\Android\Android Studio\jre\jre\bin\nio.dll
0x00007fffb5730000 - 0x00007fffb5756000 	C:\Users\q9163\.gradle\native\28\windows-amd64\native-platform.dll
0x00007fffbef80000 - 0x00007fffbef8d000 	E:\Program Files\Android\Android Studio\jre\jre\bin\management.dll
0x00007fffc3490000 - 0x00007fffc34a7000 	C:\WINDOWS\SYSTEM32\CRYPTSP.dll
0x00007fffc2870000 - 0x00007fffc28a3000 	C:\WINDOWS\system32\rsaenh.dll
0x00007fffc32d0000 - 0x00007fffc32f5000 	C:\WINDOWS\SYSTEM32\bcrypt.dll
0x00007fffc3670000 - 0x00007fffc3698000 	C:\WINDOWS\SYSTEM32\USERENV.dll
0x00007fffc2e40000 - 0x00007fffc2e4b000 	C:\WINDOWS\SYSTEM32\CRYPTBASE.dll
0x00007fffc2a10000 - 0x00007fffc2a48000 	C:\WINDOWS\SYSTEM32\IPHLPAPI.DLL
0x00007fffc4a20000 - 0x00007fffc4a28000 	C:\WINDOWS\System32\NSI.dll
0x00007fffbd3d0000 - 0x00007fffbd3e6000 	C:\WINDOWS\SYSTEM32\dhcpcsvc6.DLL
0x00007fffbd1c0000 - 0x00007fffbd1da000 	C:\WINDOWS\SYSTEM32\dhcpcsvc.DLL
0x00007fffc2500000 - 0x00007fffc2531000 	C:\WINDOWS\SYSTEM32\ntmarta.dll

VM Arguments:
jvm_args: -Xmx1536m -Dfile.encoding=GBK -Duser.country=CN -Duser.language=zh -Duser.variant 
java_command: org.gradle.launcher.daemon.bootstrap.GradleDaemon 5.2
java_class_path (initial): E:\Gradle\gradle-5.2\lib\gradle-launcher-5.2.jar
Launcher Type: SUN_STANDARD

Environment Variables:
JAVA_HOME=C:\Program Files\Java\jdk1.8.0_31
CLASSPATH=.;C:\Program Files\Java\jdk1.8.0_31\lib\dt.jar;C:\Program Files\Java\jdk1.8.0_31\lib\tools.jar;
PATH=C:\Program Files\Java\jdk1.8.0_31\bin;C:\Program Files\Java\jdk1.8.0_31\jre\bin;C:\Python27;C:\Users\q9163\AppData\Local\Programs\Python\Python36-32;E:\SDK\platform-tools;E:\SDK\tools;C:\WINDOWS\system32;C:\WINDOWS;C:\WINDOWS\System32\Wbem;C:\WINDOWS\System32\WindowsPowerShell\v1.0\;C:\WINDOWS\System32\OpenSSH\;E:\Program Files\Git\cmd;D:\Program Files\Mozilla Firefox;F:\nodeJS\;F:\Python\Anaconda;F:\Python\Anaconda\Library\mingw-w64\bin;F:\Python\Anaconda\Library\usr\bin;F:\Python\Anaconda\Library\bin;F:\Python\Anaconda\Scripts;C:\Python3\Scripts\;C:\Python3\;C:\Users\q9163\AppData\Local\VanDyke Software\Clients\;C:\Users\q9163\AppData\Local\Microsoft\WindowsApps;C:\Users\q9163\AppData\Roaming\npm
USERNAME=q9163
OS=Windows_NT
PROCESSOR_IDENTIFIER=Intel64 Family 6 Model 78 Stepping 3, GenuineIntel



---------------  S Y S T E M  ---------------

OS: Windows 10.0 , 64 bit Build 17134 (10.0.17134.1)

CPU:total 4 (initial active 4) (2 cores per cpu, 2 threads per core) family 6 model 78 stepping 3, cmov, cx8, fxsr, mmx, sse, sse2, sse3, ssse3, sse4.1, sse4.2, popcnt, avx, avx2, aes, clmul, erms, 3dnowpref, lzcnt, ht, tsc, tscinvbit, bmi1, bmi2, adx

Memory: 4k page, physical 8252000k(554352k free), swap 14047480k(5600k free)

vm_info: OpenJDK 64-Bit Server VM (25.152-b01) for windows-amd64 JRE (1.8.0_152-release-1248-b01), built by "builder" with MS VC++ 10.0 (VS2010)

time: Thu Feb 28 13:04:07 2019
elapsed time: 71 seconds (0d 0h 1m 11s)

